2025/02/04 14:06:20 [notice] 1#1: using the "epoll" event method
2025/02/04 14:06:20 [notice] 1#1: nginx/1.27.3
2025/02/04 14:06:20 [notice] 1#1: built by gcc 12.2.0 (Debian 12.2.0-14) 
2025/02/04 14:06:20 [notice] 1#1: OS: Linux 5.15.153.1-microsoft-standard-WSL2
2025/02/04 14:06:20 [notice] 1#1: getrlimit(RLIMIT_NOFILE): 1048576:1048576
2025/02/04 14:06:20 [notice] 1#1: start worker processes
2025/02/04 14:06:20 [notice] 1#1: start worker process 28
2025/02/04 14:06:20 [notice] 1#1: start worker process 29
2025/02/04 14:06:20 [notice] 1#1: start worker process 30
2025/02/04 14:06:20 [notice] 1#1: start worker process 31
2025/02/04 14:06:20 [notice] 1#1: start worker process 32
2025/02/04 14:06:20 [notice] 1#1: start worker process 33
2025/02/04 14:06:20 [notice] 1#1: start worker process 34
2025/02/04 14:06:20 [notice] 1#1: start worker process 35
2025/02/04 14:06:20 [notice] 1#1: start worker process 36
2025/02/04 14:06:20 [notice] 1#1: start worker process 37
2025/02/04 14:06:20 [notice] 1#1: start worker process 38
2025/02/04 14:06:20 [notice] 1#1: start worker process 39
2025/02/04 14:16:05 [notice] 1#1: signal 3 (SIGQUIT) received, shutting down
2025/02/04 14:16:05 [notice] 31#31: gracefully shutting down
2025/02/04 14:16:05 [notice] 29#29: gracefully shutting down
2025/02/04 14:16:05 [notice] 33#33: gracefully shutting down
2025/02/04 14:16:05 [notice] 34#34: gracefully shutting down
2025/02/04 14:16:05 [notice] 37#37: gracefully shutting down
2025/02/04 14:16:05 [notice] 36#36: gracefully shutting down
2025/02/04 14:16:05 [notice] 36#36: exiting
2025/02/04 14:16:05 [notice] 32#32: gracefully shutting down
2025/02/04 14:16:05 [notice] 39#39: gracefully shutting down
2025/02/04 14:16:05 [notice] 39#39: exiting
2025/02/04 14:16:05 [notice] 35#35: gracefully shutting down
2025/02/04 14:16:05 [notice] 35#35: exiting
2025/02/04 14:16:05 [notice] 30#30: gracefully shutting down
2025/02/04 14:16:05 [notice] 38#38: gracefully shutting down
2025/02/04 14:16:05 [notice] 38#38: exiting
2025/02/04 14:16:05 [notice] 28#28: gracefully shutting down
2025/02/04 14:16:05 [notice] 31#31: exiting
2025/02/04 14:16:05 [notice] 29#29: exiting
2025/02/04 14:16:05 [notice] 29#29: exit
2025/02/04 14:16:05 [notice] 33#33: exiting
2025/02/04 14:16:05 [notice] 34#34: exiting
2025/02/04 14:16:05 [notice] 34#34: exit
2025/02/04 14:16:05 [notice] 37#37: exiting
2025/02/04 14:16:05 [notice] 37#37: exit
2025/02/04 14:16:05 [notice] 36#36: exit
2025/02/04 14:16:05 [notice] 32#32: exiting
2025/02/04 14:16:05 [notice] 32#32: exit
2025/02/04 14:16:05 [notice] 39#39: exit
2025/02/04 14:16:05 [notice] 35#35: exit
2025/02/04 14:16:05 [notice] 30#30: exiting
2025/02/04 14:16:05 [notice] 30#30: exit
2025/02/04 14:16:05 [notice] 38#38: exit
2025/02/04 14:16:05 [notice] 28#28: exiting
2025/02/04 14:16:05 [notice] 28#28: exit
2025/02/04 14:16:05 [notice] 31#31: exit
2025/02/04 14:16:05 [notice] 33#33: exit
2025/02/04 14:16:05 [notice] 1#1: signal 17 (SIGCHLD) received from 34
2025/02/04 14:16:05 [notice] 1#1: worker process 29 exited with code 0
2025/02/04 14:16:05 [notice] 1#1: worker process 34 exited with code 0
2025/02/04 14:16:05 [notice] 1#1: signal 29 (SIGIO) received
2025/02/04 14:16:05 [notice] 1#1: signal 17 (SIGCHLD) received from 29
2025/02/04 14:16:05 [notice] 1#1: signal 17 (SIGCHLD) received from 35
2025/02/04 14:16:05 [notice] 1#1: worker process 35 exited with code 0
2025/02/04 14:16:05 [notice] 1#1: worker process 37 exited with code 0
2025/02/04 14:16:05 [notice] 1#1: worker process 39 exited with code 0
2025/02/04 14:16:05 [notice] 1#1: signal 29 (SIGIO) received
2025/02/04 14:16:05 [notice] 1#1: signal 17 (SIGCHLD) received from 36
2025/02/04 14:16:05 [notice] 1#1: worker process 30 exited with code 0
2025/02/04 14:16:05 [notice] 1#1: worker process 32 exited with code 0
2025/02/04 14:16:05 [notice] 1#1: worker process 31 exited with code 0
2025/02/04 14:16:05 [notice] 1#1: worker process 36 exited with code 0
2025/02/04 14:16:05 [notice] 1#1: worker process 28 exited with code 0
2025/02/04 14:16:05 [notice] 1#1: worker process 38 exited with code 0
2025/02/04 14:16:05 [notice] 1#1: signal 29 (SIGIO) received
2025/02/04 14:16:05 [notice] 1#1: signal 17 (SIGCHLD) received from 38
2025/02/04 14:16:05 [notice] 1#1: signal 17 (SIGCHLD) received from 33
2025/02/04 14:16:05 [notice] 1#1: worker process 33 exited with code 0
2025/02/04 14:16:05 [notice] 1#1: exit
2025/02/05 10:32:04 [notice] 1#1: using the "epoll" event method
2025/02/05 10:32:04 [notice] 1#1: nginx/1.27.3
2025/02/05 10:32:04 [notice] 1#1: built by gcc 12.2.0 (Debian 12.2.0-14) 
2025/02/05 10:32:04 [notice] 1#1: OS: Linux 5.15.153.1-microsoft-standard-WSL2
2025/02/05 10:32:04 [notice] 1#1: getrlimit(RLIMIT_NOFILE): 1048576:1048576
2025/02/05 10:32:04 [notice] 1#1: start worker processes
2025/02/05 10:32:04 [notice] 1#1: start worker process 28
2025/02/05 10:32:04 [notice] 1#1: start worker process 29
2025/02/05 10:32:04 [notice] 1#1: start worker process 30
2025/02/05 10:32:04 [notice] 1#1: start worker process 31
2025/02/05 10:32:04 [notice] 1#1: start worker process 32
2025/02/05 10:32:04 [notice] 1#1: start worker process 33
2025/02/05 10:32:04 [notice] 1#1: start worker process 34
2025/02/05 10:32:04 [notice] 1#1: start worker process 35
2025/02/05 10:32:04 [notice] 1#1: start worker process 36
2025/02/05 10:32:04 [notice] 1#1: start worker process 37
2025/02/05 10:32:04 [notice] 1#1: start worker process 38
2025/02/05 10:32:04 [notice] 1#1: start worker process 39
2025/02/05 10:39:20 [notice] 1#1: signal 3 (SIGQUIT) received, shutting down
2025/02/05 10:39:20 [notice] 28#28: gracefully shutting down
2025/02/05 10:39:20 [notice] 33#33: gracefully shutting down
2025/02/05 10:39:20 [notice] 29#29: gracefully shutting down
2025/02/05 10:39:20 [notice] 31#31: gracefully shutting down
2025/02/05 10:39:20 [notice] 35#35: gracefully shutting down
2025/02/05 10:39:20 [notice] 30#30: gracefully shutting down
2025/02/05 10:39:20 [notice] 34#34: gracefully shutting down
2025/02/05 10:39:20 [notice] 36#36: gracefully shutting down
2025/02/05 10:39:20 [notice] 32#32: gracefully shutting down
2025/02/05 10:39:20 [notice] 37#37: gracefully shutting down
2025/02/05 10:39:20 [notice] 39#39: gracefully shutting down
2025/02/05 10:39:20 [notice] 38#38: gracefully shutting down
2025/02/05 10:39:20 [notice] 28#28: exiting
2025/02/05 10:39:20 [notice] 33#33: exiting
2025/02/05 10:39:20 [notice] 29#29: exiting
2025/02/05 10:39:20 [notice] 31#31: exiting
2025/02/05 10:39:20 [notice] 35#35: exiting
2025/02/05 10:39:20 [notice] 30#30: exiting
2025/02/05 10:39:20 [notice] 34#34: exiting
2025/02/05 10:39:20 [notice] 36#36: exiting
2025/02/05 10:39:20 [notice] 32#32: exiting
2025/02/05 10:39:20 [notice] 37#37: exiting
2025/02/05 10:39:20 [notice] 39#39: exiting
2025/02/05 10:39:20 [notice] 38#38: exiting
2025/02/05 10:39:20 [notice] 28#28: exit
2025/02/05 10:39:20 [notice] 33#33: exit
2025/02/05 10:39:20 [notice] 29#29: exit
2025/02/05 10:39:20 [notice] 31#31: exit
2025/02/05 10:39:20 [notice] 35#35: exit
2025/02/05 10:39:20 [notice] 30#30: exit
2025/02/05 10:39:20 [notice] 34#34: exit
2025/02/05 10:39:20 [notice] 36#36: exit
2025/02/05 10:39:20 [notice] 32#32: exit
2025/02/05 10:39:20 [notice] 37#37: exit
2025/02/05 10:39:20 [notice] 39#39: exit
2025/02/05 10:39:20 [notice] 38#38: exit
2025/02/05 10:39:20 [notice] 1#1: signal 17 (SIGCHLD) received from 36
2025/02/05 10:39:20 [notice] 1#1: worker process 29 exited with code 0
2025/02/05 10:39:20 [notice] 1#1: worker process 36 exited with code 0
2025/02/05 10:39:20 [notice] 1#1: signal 29 (SIGIO) received
2025/02/05 10:39:20 [notice] 1#1: signal 17 (SIGCHLD) received from 39
2025/02/05 10:39:20 [notice] 1#1: worker process 39 exited with code 0
2025/02/05 10:39:20 [notice] 1#1: signal 29 (SIGIO) received
2025/02/05 10:39:20 [notice] 1#1: signal 17 (SIGCHLD) received from 33
2025/02/05 10:39:20 [notice] 1#1: worker process 31 exited with code 0
2025/02/05 10:39:20 [notice] 1#1: worker process 33 exited with code 0
2025/02/05 10:39:20 [notice] 1#1: worker process 34 exited with code 0
2025/02/05 10:39:20 [notice] 1#1: worker process 35 exited with code 0
2025/02/05 10:39:20 [notice] 1#1: worker process 37 exited with code 0
2025/02/05 10:39:20 [notice] 1#1: worker process 38 exited with code 0
2025/02/05 10:39:20 [notice] 1#1: signal 29 (SIGIO) received
2025/02/05 10:39:20 [notice] 1#1: signal 17 (SIGCHLD) received from 38
2025/02/05 10:39:20 [notice] 1#1: signal 17 (SIGCHLD) received from 28
2025/02/05 10:39:20 [notice] 1#1: worker process 28 exited with code 0
2025/02/05 10:39:20 [notice] 1#1: worker process 30 exited with code 0
2025/02/05 10:39:20 [notice] 1#1: worker process 32 exited with code 0
2025/02/05 10:39:20 [notice] 1#1: exit
2025/02/05 10:41:49 [notice] 1#1: using the "epoll" event method
2025/02/05 10:41:49 [notice] 1#1: nginx/1.27.3
2025/02/05 10:41:49 [notice] 1#1: built by gcc 12.2.0 (Debian 12.2.0-14) 
2025/02/05 10:41:49 [notice] 1#1: OS: Linux 5.15.153.1-microsoft-standard-WSL2
2025/02/05 10:41:49 [notice] 1#1: getrlimit(RLIMIT_NOFILE): 1048576:1048576
2025/02/05 10:41:49 [notice] 1#1: start worker processes
2025/02/05 10:41:49 [notice] 1#1: start worker process 28
2025/02/05 10:41:49 [notice] 1#1: start worker process 29
2025/02/05 10:41:49 [notice] 1#1: start worker process 30
2025/02/05 10:41:49 [notice] 1#1: start worker process 31
2025/02/05 10:41:49 [notice] 1#1: start worker process 32
2025/02/05 10:41:49 [notice] 1#1: start worker process 33
2025/02/05 10:41:49 [notice] 1#1: start worker process 34
2025/02/05 10:41:49 [notice] 1#1: start worker process 35
2025/02/05 10:41:49 [notice] 1#1: start worker process 36
2025/02/05 10:41:49 [notice] 1#1: start worker process 37
2025/02/05 10:41:49 [notice] 1#1: start worker process 38
2025/02/05 10:41:49 [notice] 1#1: start worker process 39
2025/02/05 12:01:00 [notice] 1#1: signal 3 (SIGQUIT) received, shutting down
2025/02/05 12:01:00 [notice] 28#28: gracefully shutting down
2025/02/05 12:01:00 [notice] 30#30: gracefully shutting down
2025/02/05 12:01:00 [notice] 37#37: gracefully shutting down
2025/02/05 12:01:00 [notice] 32#32: gracefully shutting down
2025/02/05 12:01:00 [notice] 34#34: gracefully shutting down
2025/02/05 12:01:00 [notice] 35#35: gracefully shutting down
2025/02/05 12:01:00 [notice] 31#31: gracefully shutting down
2025/02/05 12:01:00 [notice] 29#29: gracefully shutting down
2025/02/05 12:01:00 [notice] 36#36: gracefully shutting down
2025/02/05 12:01:00 [notice] 38#38: gracefully shutting down
2025/02/05 12:01:00 [notice] 39#39: gracefully shutting down
2025/02/05 12:01:00 [notice] 33#33: gracefully shutting down
2025/02/05 12:01:00 [notice] 28#28: exiting
2025/02/05 12:01:00 [notice] 30#30: exiting
2025/02/05 12:01:00 [notice] 34#34: exiting
2025/02/05 12:01:00 [notice] 32#32: exiting
2025/02/05 12:01:00 [notice] 35#35: exiting
2025/02/05 12:01:00 [notice] 31#31: exiting
2025/02/05 12:01:00 [notice] 37#37: exiting
2025/02/05 12:01:00 [notice] 29#29: exiting
2025/02/05 12:01:00 [notice] 36#36: exiting
2025/02/05 12:01:00 [notice] 36#36: exit
2025/02/05 12:01:00 [notice] 39#39: exiting
2025/02/05 12:01:00 [notice] 33#33: exiting
2025/02/05 12:01:00 [notice] 38#38: exiting
2025/02/05 12:01:00 [notice] 28#28: exit
2025/02/05 12:01:00 [notice] 30#30: exit
2025/02/05 12:01:00 [notice] 34#34: exit
2025/02/05 12:01:00 [notice] 32#32: exit
2025/02/05 12:01:00 [notice] 35#35: exit
2025/02/05 12:01:00 [notice] 31#31: exit
2025/02/05 12:01:00 [notice] 37#37: exit
2025/02/05 12:01:00 [notice] 29#29: exit
2025/02/05 12:01:00 [notice] 39#39: exit
2025/02/05 12:01:00 [notice] 33#33: exit
2025/02/05 12:01:00 [notice] 38#38: exit
2025/02/05 12:01:00 [notice] 1#1: signal 17 (SIGCHLD) received from 37
2025/02/05 12:01:00 [notice] 1#1: worker process 32 exited with code 0
2025/02/05 12:01:00 [notice] 1#1: worker process 37 exited with code 0
2025/02/05 12:01:00 [notice] 1#1: signal 29 (SIGIO) received
2025/02/05 12:01:00 [notice] 1#1: signal 17 (SIGCHLD) received from 28
2025/02/05 12:01:00 [notice] 1#1: worker process 28 exited with code 0
2025/02/05 12:01:00 [notice] 1#1: worker process 29 exited with code 0
2025/02/05 12:01:00 [notice] 1#1: worker process 31 exited with code 0
2025/02/05 12:01:00 [notice] 1#1: worker process 33 exited with code 0
2025/02/05 12:01:00 [notice] 1#1: worker process 35 exited with code 0
2025/02/05 12:01:00 [notice] 1#1: worker process 38 exited with code 0
2025/02/05 12:01:00 [notice] 1#1: signal 29 (SIGIO) received
2025/02/05 12:01:00 [notice] 1#1: signal 17 (SIGCHLD) received from 31
2025/02/05 12:01:00 [notice] 1#1: signal 17 (SIGCHLD) received from 36
2025/02/05 12:01:00 [notice] 1#1: worker process 36 exited with code 0
2025/02/05 12:01:00 [notice] 1#1: signal 29 (SIGIO) received
2025/02/05 12:01:00 [notice] 1#1: signal 17 (SIGCHLD) received from 34
2025/02/05 12:01:00 [notice] 1#1: worker process 30 exited with code 0
2025/02/05 12:01:00 [notice] 1#1: worker process 34 exited with code 0
2025/02/05 12:01:00 [notice] 1#1: worker process 39 exited with code 0
2025/02/05 12:01:00 [notice] 1#1: exit
2025/02/05 12:10:46 [notice] 1#1: using the "epoll" event method
2025/02/05 12:10:46 [notice] 1#1: nginx/1.27.3
2025/02/05 12:10:46 [notice] 1#1: built by gcc 12.2.0 (Debian 12.2.0-14) 
2025/02/05 12:10:46 [notice] 1#1: OS: Linux 5.15.153.1-microsoft-standard-WSL2
2025/02/05 12:10:46 [notice] 1#1: getrlimit(RLIMIT_NOFILE): 1048576:1048576
2025/02/05 12:10:46 [notice] 1#1: start worker processes
2025/02/05 12:10:46 [notice] 1#1: start worker process 28
2025/02/05 12:10:46 [notice] 1#1: start worker process 29
2025/02/05 12:10:46 [notice] 1#1: start worker process 30
2025/02/05 12:10:46 [notice] 1#1: start worker process 31
2025/02/05 12:10:46 [notice] 1#1: start worker process 32
2025/02/05 12:10:46 [notice] 1#1: start worker process 33
2025/02/05 12:10:46 [notice] 1#1: start worker process 34
2025/02/05 12:10:46 [notice] 1#1: start worker process 35
2025/02/05 12:10:46 [notice] 1#1: start worker process 36
2025/02/05 12:10:46 [notice] 1#1: start worker process 37
2025/02/05 12:10:46 [notice] 1#1: start worker process 38
2025/02/05 12:10:46 [notice] 1#1: start worker process 39
2025/02/05 13:02:12 [notice] 1#1: signal 3 (SIGQUIT) received, shutting down
2025/02/05 13:02:12 [notice] 29#29: gracefully shutting down
2025/02/05 13:02:12 [notice] 28#28: gracefully shutting down
2025/02/05 13:02:12 [notice] 33#33: gracefully shutting down
2025/02/05 13:02:12 [notice] 30#30: gracefully shutting down
2025/02/05 13:02:12 [notice] 31#31: gracefully shutting down
2025/02/05 13:02:12 [notice] 36#36: gracefully shutting down
2025/02/05 13:02:12 [notice] 39#39: gracefully shutting down
2025/02/05 13:02:12 [notice] 33#33: exiting
2025/02/05 13:02:12 [notice] 35#35: gracefully shutting down
2025/02/05 13:02:12 [notice] 32#32: gracefully shutting down
2025/02/05 13:02:12 [notice] 34#34: gracefully shutting down
2025/02/05 13:02:12 [notice] 38#38: gracefully shutting down
2025/02/05 13:02:12 [notice] 37#37: gracefully shutting down
2025/02/05 13:02:12 [notice] 29#29: exiting
2025/02/05 13:02:12 [notice] 28#28: exiting
2025/02/05 13:02:12 [notice] 30#30: exiting
2025/02/05 13:02:12 [notice] 29#29: exit
2025/02/05 13:02:12 [notice] 30#30: exit
2025/02/05 13:02:12 [notice] 33#33: exit
2025/02/05 13:02:12 [notice] 38#38: exiting
2025/02/05 13:02:12 [notice] 39#39: exiting
2025/02/05 13:02:12 [notice] 31#31: exiting
2025/02/05 13:02:12 [notice] 36#36: exiting
2025/02/05 13:02:12 [notice] 28#28: exit
2025/02/05 13:02:12 [notice] 35#35: exiting
2025/02/05 13:02:12 [notice] 32#32: exiting
2025/02/05 13:02:12 [notice] 37#37: exiting
2025/02/05 13:02:12 [notice] 38#38: exit
2025/02/05 13:02:12 [notice] 35#35: exit
2025/02/05 13:02:12 [notice] 32#32: exit
2025/02/05 13:02:12 [notice] 39#39: exit
2025/02/05 13:02:12 [notice] 31#31: exit
2025/02/05 13:02:12 [notice] 36#36: exit
2025/02/05 13:02:12 [notice] 37#37: exit
2025/02/05 13:02:12 [notice] 34#34: exiting
2025/02/05 13:02:12 [notice] 34#34: exit
2025/02/05 13:02:12 [notice] 1#1: signal 17 (SIGCHLD) received from 31
2025/02/05 13:02:12 [notice] 1#1: worker process 29 exited with code 0
2025/02/05 13:02:12 [notice] 1#1: worker process 31 exited with code 0
2025/02/05 13:02:12 [notice] 1#1: worker process 34 exited with code 0
2025/02/05 13:02:12 [notice] 1#1: worker process 35 exited with code 0
2025/02/05 13:02:12 [notice] 1#1: worker process 36 exited with code 0
2025/02/05 13:02:12 [notice] 1#1: worker process 37 exited with code 0
2025/02/05 13:02:12 [notice] 1#1: worker process 38 exited with code 0
2025/02/05 13:02:12 [notice] 1#1: signal 29 (SIGIO) received
2025/02/05 13:02:12 [notice] 1#1: signal 17 (SIGCHLD) received from 37
2025/02/05 13:02:12 [notice] 1#1: signal 17 (SIGCHLD) received from 30
2025/02/05 13:02:12 [notice] 1#1: worker process 30 exited with code 0
2025/02/05 13:02:12 [notice] 1#1: worker process 33 exited with code 0
2025/02/05 13:02:12 [notice] 1#1: signal 29 (SIGIO) received
2025/02/05 13:02:12 [notice] 1#1: signal 17 (SIGCHLD) received from 33
2025/02/05 13:02:12 [notice] 1#1: signal 17 (SIGCHLD) received from 32
2025/02/05 13:02:12 [notice] 1#1: worker process 32 exited with code 0
2025/02/05 13:02:12 [notice] 1#1: signal 29 (SIGIO) received
2025/02/05 13:02:12 [notice] 1#1: signal 17 (SIGCHLD) received from 28
2025/02/05 13:02:12 [notice] 1#1: worker process 28 exited with code 0
2025/02/05 13:02:12 [notice] 1#1: signal 29 (SIGIO) received
2025/02/05 13:02:12 [notice] 1#1: signal 17 (SIGCHLD) received from 39
2025/02/05 13:02:12 [notice] 1#1: worker process 39 exited with code 0
2025/02/05 13:02:12 [notice] 1#1: exit
2025/02/05 13:02:54 [notice] 1#1: using the "epoll" event method
2025/02/05 13:02:54 [notice] 1#1: nginx/1.27.3
2025/02/05 13:02:54 [notice] 1#1: built by gcc 12.2.0 (Debian 12.2.0-14) 
2025/02/05 13:02:54 [notice] 1#1: OS: Linux 5.15.153.1-microsoft-standard-WSL2
2025/02/05 13:02:54 [notice] 1#1: getrlimit(RLIMIT_NOFILE): 1048576:1048576
2025/02/05 13:02:54 [notice] 1#1: start worker processes
2025/02/05 13:02:54 [notice] 1#1: start worker process 29
2025/02/05 13:02:54 [notice] 1#1: start worker process 30
2025/02/05 13:02:54 [notice] 1#1: start worker process 31
2025/02/05 13:02:54 [notice] 1#1: start worker process 32
2025/02/05 13:02:54 [notice] 1#1: start worker process 33
2025/02/05 13:02:54 [notice] 1#1: start worker process 34
2025/02/05 13:02:54 [notice] 1#1: start worker process 35
2025/02/05 13:02:54 [notice] 1#1: start worker process 36
2025/02/05 13:02:54 [notice] 1#1: start worker process 37
2025/02/05 13:02:54 [notice] 1#1: start worker process 38
2025/02/05 13:02:54 [notice] 1#1: start worker process 39
2025/02/05 13:02:54 [notice] 1#1: start worker process 40
2025/02/05 13:06:41 [notice] 1#1: signal 3 (SIGQUIT) received, shutting down
2025/02/05 13:06:41 [notice] 29#29: gracefully shutting down
2025/02/05 13:06:41 [notice] 36#36: gracefully shutting down
2025/02/05 13:06:41 [notice] 30#30: gracefully shutting down
2025/02/05 13:06:41 [notice] 32#32: gracefully shutting down
2025/02/05 13:06:41 [notice] 34#34: gracefully shutting down
2025/02/05 13:06:41 [notice] 33#33: gracefully shutting down
2025/02/05 13:06:41 [notice] 31#31: gracefully shutting down
2025/02/05 13:06:41 [notice] 37#37: gracefully shutting down
2025/02/05 13:06:41 [notice] 35#35: gracefully shutting down
2025/02/05 13:06:41 [notice] 38#38: gracefully shutting down
2025/02/05 13:06:41 [notice] 39#39: gracefully shutting down
2025/02/05 13:06:41 [notice] 40#40: gracefully shutting down
2025/02/05 13:06:41 [notice] 29#29: exiting
2025/02/05 13:06:41 [notice] 36#36: exiting
2025/02/05 13:06:41 [notice] 29#29: exit
2025/02/05 13:06:41 [notice] 30#30: exiting
2025/02/05 13:06:41 [notice] 32#32: exiting
2025/02/05 13:06:41 [notice] 34#34: exiting
2025/02/05 13:06:41 [notice] 33#33: exiting
2025/02/05 13:06:41 [notice] 31#31: exiting
2025/02/05 13:06:41 [notice] 37#37: exiting
2025/02/05 13:06:41 [notice] 35#35: exiting
2025/02/05 13:06:41 [notice] 39#39: exiting
2025/02/05 13:06:41 [notice] 38#38: exiting
2025/02/05 13:06:41 [notice] 40#40: exiting
2025/02/05 13:06:41 [notice] 36#36: exit
2025/02/05 13:06:41 [notice] 30#30: exit
2025/02/05 13:06:41 [notice] 32#32: exit
2025/02/05 13:06:41 [notice] 34#34: exit
2025/02/05 13:06:41 [notice] 33#33: exit
2025/02/05 13:06:41 [notice] 31#31: exit
2025/02/05 13:06:41 [notice] 37#37: exit
2025/02/05 13:06:41 [notice] 35#35: exit
2025/02/05 13:06:41 [notice] 39#39: exit
2025/02/05 13:06:41 [notice] 38#38: exit
2025/02/05 13:06:41 [notice] 40#40: exit
2025/02/05 13:06:41 [notice] 1#1: signal 17 (SIGCHLD) received from 29
2025/02/05 13:06:41 [notice] 1#1: worker process 29 exited with code 0
2025/02/05 13:06:41 [notice] 1#1: worker process 30 exited with code 0
2025/02/05 13:06:41 [notice] 1#1: signal 29 (SIGIO) received
2025/02/05 13:06:42 [notice] 1#1: signal 17 (SIGCHLD) received from 31
2025/02/05 13:06:42 [notice] 1#1: worker process 31 exited with code 0
2025/02/05 13:06:42 [notice] 1#1: worker process 32 exited with code 0
2025/02/05 13:06:42 [notice] 1#1: worker process 33 exited with code 0
2025/02/05 13:06:42 [notice] 1#1: worker process 34 exited with code 0
2025/02/05 13:06:42 [notice] 1#1: worker process 36 exited with code 0
2025/02/05 13:06:42 [notice] 1#1: worker process 37 exited with code 0
2025/02/05 13:06:42 [notice] 1#1: worker process 38 exited with code 0
2025/02/05 13:06:42 [notice] 1#1: worker process 39 exited with code 0
2025/02/05 13:06:42 [notice] 1#1: worker process 40 exited with code 0
2025/02/05 13:06:42 [notice] 1#1: signal 29 (SIGIO) received
2025/02/05 13:06:42 [notice] 1#1: signal 17 (SIGCHLD) received from 37
2025/02/05 13:06:42 [notice] 1#1: signal 17 (SIGCHLD) received from 35
2025/02/05 13:06:42 [notice] 1#1: worker process 35 exited with code 0
2025/02/05 13:06:42 [notice] 1#1: exit
2025/02/05 13:08:52 [notice] 1#1: using the "epoll" event method
2025/02/05 13:08:52 [notice] 1#1: nginx/1.27.3
2025/02/05 13:08:52 [notice] 1#1: built by gcc 12.2.0 (Debian 12.2.0-14) 
2025/02/05 13:08:52 [notice] 1#1: OS: Linux 5.15.153.1-microsoft-standard-WSL2
2025/02/05 13:08:52 [notice] 1#1: getrlimit(RLIMIT_NOFILE): 1048576:1048576
2025/02/05 13:08:52 [notice] 1#1: start worker processes
2025/02/05 13:08:52 [notice] 1#1: start worker process 28
2025/02/05 13:08:52 [notice] 1#1: start worker process 29
2025/02/05 13:08:52 [notice] 1#1: start worker process 30
2025/02/05 13:08:52 [notice] 1#1: start worker process 31
2025/02/05 13:08:52 [notice] 1#1: start worker process 32
2025/02/05 13:08:52 [notice] 1#1: start worker process 33
2025/02/05 13:08:52 [notice] 1#1: start worker process 34
2025/02/05 13:08:52 [notice] 1#1: start worker process 35
2025/02/05 13:08:52 [notice] 1#1: start worker process 36
2025/02/05 13:08:52 [notice] 1#1: start worker process 37
2025/02/05 13:08:52 [notice] 1#1: start worker process 38
2025/02/05 13:08:52 [notice] 1#1: start worker process 39
2025/02/05 13:28:14 [notice] 1#1: signal 3 (SIGQUIT) received, shutting down
2025/02/05 13:28:14 [notice] 30#30: gracefully shutting down
2025/02/05 13:28:14 [notice] 34#34: gracefully shutting down
2025/02/05 13:28:14 [notice] 33#33: gracefully shutting down
2025/02/05 13:28:14 [notice] 29#29: gracefully shutting down
2025/02/05 13:28:14 [notice] 39#39: gracefully shutting down
2025/02/05 13:28:14 [notice] 39#39: exiting
2025/02/05 13:28:14 [notice] 28#28: gracefully shutting down
2025/02/05 13:28:14 [notice] 29#29: exiting
2025/02/05 13:28:14 [notice] 31#31: gracefully shutting down
2025/02/05 13:28:14 [notice] 31#31: exiting
2025/02/05 13:28:14 [notice] 30#30: exiting
2025/02/05 13:28:14 [notice] 30#30: exit
2025/02/05 13:28:14 [notice] 34#34: exiting
2025/02/05 13:28:14 [notice] 34#34: exit
2025/02/05 13:28:14 [notice] 36#36: gracefully shutting down
2025/02/05 13:28:14 [notice] 36#36: exiting
2025/02/05 13:28:14 [notice] 37#37: gracefully shutting down
2025/02/05 13:28:14 [notice] 35#35: gracefully shutting down
2025/02/05 13:28:14 [notice] 37#37: exiting
2025/02/05 13:28:14 [notice] 33#33: exiting
2025/02/05 13:28:14 [notice] 33#33: exit
2025/02/05 13:28:14 [notice] 38#38: gracefully shutting down
2025/02/05 13:28:14 [notice] 32#32: gracefully shutting down
2025/02/05 13:28:14 [notice] 38#38: exiting
2025/02/05 13:28:14 [notice] 39#39: exit
2025/02/05 13:28:14 [notice] 29#29: exit
2025/02/05 13:28:14 [notice] 28#28: exiting
2025/02/05 13:28:14 [notice] 28#28: exit
2025/02/05 13:28:14 [notice] 31#31: exit
2025/02/05 13:28:14 [notice] 36#36: exit
2025/02/05 13:28:14 [notice] 1#1: signal 17 (SIGCHLD) received from 30
2025/02/05 13:28:14 [notice] 35#35: exiting
2025/02/05 13:28:14 [notice] 35#35: exit
2025/02/05 13:28:14 [notice] 37#37: exit
2025/02/05 13:28:14 [notice] 32#32: exiting
2025/02/05 13:28:14 [notice] 32#32: exit
2025/02/05 13:28:14 [notice] 38#38: exit
2025/02/05 13:28:14 [notice] 1#1: worker process 30 exited with code 0
2025/02/05 13:28:14 [notice] 1#1: worker process 29 exited with code 0
2025/02/05 13:28:14 [notice] 1#1: worker process 28 exited with code 0
2025/02/05 13:28:14 [notice] 1#1: worker process 31 exited with code 0
2025/02/05 13:28:14 [notice] 1#1: worker process 33 exited with code 0
2025/02/05 13:28:14 [notice] 1#1: worker process 34 exited with code 0
2025/02/05 13:28:14 [notice] 1#1: worker process 36 exited with code 0
2025/02/05 13:28:14 [notice] 1#1: worker process 39 exited with code 0
2025/02/05 13:28:14 [notice] 1#1: signal 29 (SIGIO) received
2025/02/05 13:28:14 [notice] 1#1: signal 17 (SIGCHLD) received from 34
2025/02/05 13:28:14 [notice] 1#1: signal 17 (SIGCHLD) received from 35
2025/02/05 13:28:14 [notice] 1#1: worker process 35 exited with code 0
2025/02/05 13:28:14 [notice] 1#1: worker process 37 exited with code 0
2025/02/05 13:28:14 [notice] 1#1: signal 29 (SIGIO) received
2025/02/05 13:28:14 [notice] 1#1: signal 17 (SIGCHLD) received from 38
2025/02/05 13:28:14 [notice] 1#1: worker process 38 exited with code 0
2025/02/05 13:28:14 [notice] 1#1: worker process 32 exited with code 0
2025/02/05 13:28:14 [notice] 1#1: exit
2025/02/05 14:00:11 [emerg] 1#1: host not found in upstream "auth" in /etc/nginx/conf.d/default.conf:12
2025/02/05 14:03:40 [notice] 1#1: using the "epoll" event method
2025/02/05 14:03:40 [notice] 1#1: nginx/1.27.3
2025/02/05 14:03:40 [notice] 1#1: built by gcc 12.2.0 (Debian 12.2.0-14) 
2025/02/05 14:03:40 [notice] 1#1: OS: Linux 5.15.153.1-microsoft-standard-WSL2
2025/02/05 14:03:40 [notice] 1#1: getrlimit(RLIMIT_NOFILE): 1048576:1048576
2025/02/05 14:03:40 [notice] 1#1: start worker processes
2025/02/05 14:03:40 [notice] 1#1: start worker process 28
2025/02/05 14:03:40 [notice] 1#1: start worker process 29
2025/02/05 14:03:40 [notice] 1#1: start worker process 30
2025/02/05 14:03:40 [notice] 1#1: start worker process 31
2025/02/05 14:03:40 [notice] 1#1: start worker process 32
2025/02/05 14:03:40 [notice] 1#1: start worker process 33
2025/02/05 14:03:40 [notice] 1#1: start worker process 34
2025/02/05 14:03:40 [notice] 1#1: start worker process 35
2025/02/05 14:03:40 [notice] 1#1: start worker process 36
2025/02/05 14:03:40 [notice] 1#1: start worker process 37
2025/02/05 14:03:40 [notice] 1#1: start worker process 38
2025/02/05 14:03:40 [notice] 1#1: start worker process 39
2025/02/05 14:12:52 [notice] 1#1: signal 3 (SIGQUIT) received, shutting down
2025/02/05 14:12:52 [notice] 28#28: gracefully shutting down
2025/02/05 14:12:52 [notice] 30#30: gracefully shutting down
2025/02/05 14:12:52 [notice] 31#31: gracefully shutting down
2025/02/05 14:12:52 [notice] 32#32: gracefully shutting down
2025/02/05 14:12:52 [notice] 29#29: gracefully shutting down
2025/02/05 14:12:52 [notice] 33#33: gracefully shutting down
2025/02/05 14:12:52 [notice] 34#34: gracefully shutting down
2025/02/05 14:12:52 [notice] 37#37: gracefully shutting down
2025/02/05 14:12:52 [notice] 36#36: gracefully shutting down
2025/02/05 14:12:52 [notice] 38#38: gracefully shutting down
2025/02/05 14:12:52 [notice] 35#35: gracefully shutting down
2025/02/05 14:12:52 [notice] 39#39: gracefully shutting down
2025/02/05 14:12:52 [notice] 28#28: exiting
2025/02/05 14:12:52 [notice] 30#30: exiting
2025/02/05 14:12:52 [notice] 31#31: exiting
2025/02/05 14:12:52 [notice] 32#32: exiting
2025/02/05 14:12:52 [notice] 29#29: exiting
2025/02/05 14:12:52 [notice] 33#33: exiting
2025/02/05 14:12:52 [notice] 34#34: exiting
2025/02/05 14:12:52 [notice] 37#37: exiting
2025/02/05 14:12:52 [notice] 36#36: exiting
2025/02/05 14:12:52 [notice] 38#38: exiting
2025/02/05 14:12:52 [notice] 35#35: exiting
2025/02/05 14:12:52 [notice] 39#39: exiting
2025/02/05 14:12:52 [notice] 28#28: exit
2025/02/05 14:12:52 [notice] 30#30: exit
2025/02/05 14:12:52 [notice] 31#31: exit
2025/02/05 14:12:52 [notice] 32#32: exit
2025/02/05 14:12:52 [notice] 29#29: exit
2025/02/05 14:12:52 [notice] 33#33: exit
2025/02/05 14:12:52 [notice] 34#34: exit
2025/02/05 14:12:52 [notice] 37#37: exit
2025/02/05 14:12:52 [notice] 36#36: exit
2025/02/05 14:12:52 [notice] 38#38: exit
2025/02/05 14:12:52 [notice] 35#35: exit
2025/02/05 14:12:52 [notice] 39#39: exit
2025/02/05 14:12:52 [notice] 1#1: signal 17 (SIGCHLD) received from 33
2025/02/05 14:12:52 [notice] 1#1: worker process 31 exited with code 0
2025/02/05 14:12:52 [notice] 1#1: worker process 33 exited with code 0
2025/02/05 14:12:52 [notice] 1#1: signal 29 (SIGIO) received
2025/02/05 14:12:52 [notice] 1#1: signal 17 (SIGCHLD) received from 34
2025/02/05 14:12:52 [notice] 1#1: worker process 34 exited with code 0
2025/02/05 14:12:52 [notice] 1#1: worker process 35 exited with code 0
2025/02/05 14:12:52 [notice] 1#1: signal 29 (SIGIO) received
2025/02/05 14:12:52 [notice] 1#1: signal 17 (SIGCHLD) received from 36
2025/02/05 14:12:52 [notice] 1#1: worker process 28 exited with code 0
2025/02/05 14:12:52 [notice] 1#1: worker process 29 exited with code 0
2025/02/05 14:12:52 [notice] 1#1: worker process 30 exited with code 0
2025/02/05 14:12:52 [notice] 1#1: worker process 32 exited with code 0
2025/02/05 14:12:52 [notice] 1#1: worker process 36 exited with code 0
2025/02/05 14:12:52 [notice] 1#1: worker process 37 exited with code 0
2025/02/05 14:12:52 [notice] 1#1: worker process 38 exited with code 0
2025/02/05 14:12:52 [notice] 1#1: worker process 39 exited with code 0
2025/02/05 14:12:52 [notice] 1#1: exit
2025/02/05 14:13:42 [notice] 1#1: using the "epoll" event method
2025/02/05 14:13:42 [notice] 1#1: nginx/1.27.3
2025/02/05 14:13:42 [notice] 1#1: built by gcc 12.2.0 (Debian 12.2.0-14) 
2025/02/05 14:13:42 [notice] 1#1: OS: Linux 5.15.153.1-microsoft-standard-WSL2
2025/02/05 14:13:42 [notice] 1#1: getrlimit(RLIMIT_NOFILE): 1048576:1048576
2025/02/05 14:13:42 [notice] 1#1: start worker processes
2025/02/05 14:13:42 [notice] 1#1: start worker process 28
2025/02/05 14:13:42 [notice] 1#1: start worker process 29
2025/02/05 14:13:42 [notice] 1#1: start worker process 30
2025/02/05 14:13:42 [notice] 1#1: start worker process 31
2025/02/05 14:13:42 [notice] 1#1: start worker process 32
2025/02/05 14:13:42 [notice] 1#1: start worker process 33
2025/02/05 14:13:42 [notice] 1#1: start worker process 34
2025/02/05 14:13:42 [notice] 1#1: start worker process 35
2025/02/05 14:13:42 [notice] 1#1: start worker process 36
2025/02/05 14:13:42 [notice] 1#1: start worker process 37
2025/02/05 14:13:42 [notice] 1#1: start worker process 38
2025/02/05 14:13:42 [notice] 1#1: start worker process 39
2025/02/05 14:14:48 [notice] 1#1: signal 3 (SIGQUIT) received, shutting down
2025/02/05 14:14:48 [notice] 28#28: gracefully shutting down
2025/02/05 14:14:48 [notice] 29#29: gracefully shutting down
2025/02/05 14:14:48 [notice] 31#31: gracefully shutting down
2025/02/05 14:14:48 [notice] 31#31: exiting
2025/02/05 14:14:48 [notice] 30#30: gracefully shutting down
2025/02/05 14:14:48 [notice] 32#32: gracefully shutting down
2025/02/05 14:14:48 [notice] 33#33: gracefully shutting down
2025/02/05 14:14:48 [notice] 34#34: gracefully shutting down
2025/02/05 14:14:48 [notice] 34#34: exiting
2025/02/05 14:14:48 [notice] 35#35: gracefully shutting down
2025/02/05 14:14:48 [notice] 38#38: gracefully shutting down
2025/02/05 14:14:48 [notice] 36#36: gracefully shutting down
2025/02/05 14:14:48 [notice] 37#37: gracefully shutting down
2025/02/05 14:14:48 [notice] 39#39: gracefully shutting down
2025/02/05 14:14:48 [notice] 28#28: exiting
2025/02/05 14:14:48 [notice] 31#31: exit
2025/02/05 14:14:48 [notice] 30#30: exiting
2025/02/05 14:14:48 [notice] 32#32: exiting
2025/02/05 14:14:48 [notice] 33#33: exiting
2025/02/05 14:14:48 [notice] 34#34: exit
2025/02/05 14:14:48 [notice] 35#35: exiting
2025/02/05 14:14:48 [notice] 38#38: exiting
2025/02/05 14:14:48 [notice] 36#36: exiting
2025/02/05 14:14:48 [notice] 37#37: exiting
2025/02/05 14:14:48 [notice] 39#39: exiting
2025/02/05 14:14:48 [notice] 28#28: exit
2025/02/05 14:14:48 [notice] 30#30: exit
2025/02/05 14:14:48 [notice] 33#33: exit
2025/02/05 14:14:48 [notice] 32#32: exit
2025/02/05 14:14:48 [notice] 35#35: exit
2025/02/05 14:14:48 [notice] 38#38: exit
2025/02/05 14:14:48 [notice] 36#36: exit
2025/02/05 14:14:48 [notice] 37#37: exit
2025/02/05 14:14:48 [notice] 39#39: exit
2025/02/05 14:14:48 [notice] 1#1: signal 17 (SIGCHLD) received from 34
2025/02/05 14:14:48 [notice] 1#1: worker process 31 exited with code 0
2025/02/05 14:14:48 [notice] 1#1: worker process 34 exited with code 0
2025/02/05 14:14:48 [notice] 1#1: signal 29 (SIGIO) received
2025/02/05 14:14:48 [notice] 1#1: signal 17 (SIGCHLD) received from 28
2025/02/05 14:14:48 [notice] 1#1: worker process 28 exited with code 0
2025/02/05 14:14:48 [notice] 1#1: worker process 32 exited with code 0
2025/02/05 14:14:48 [notice] 1#1: worker process 33 exited with code 0
2025/02/05 14:14:48 [notice] 1#1: worker process 35 exited with code 0
2025/02/05 14:14:48 [notice] 1#1: worker process 36 exited with code 0
2025/02/05 14:14:48 [notice] 1#1: worker process 38 exited with code 0
2025/02/05 14:14:48 [notice] 1#1: worker process 39 exited with code 0
2025/02/05 14:14:48 [notice] 1#1: signal 29 (SIGIO) received
2025/02/05 14:14:48 [notice] 1#1: signal 17 (SIGCHLD) received from 35
2025/02/05 14:14:48 [notice] 1#1: signal 17 (SIGCHLD) received from 37
2025/02/05 14:14:48 [notice] 1#1: worker process 37 exited with code 0
2025/02/05 14:14:48 [notice] 1#1: worker process 30 exited with code 0
2025/02/05 14:14:48 [notice] 1#1: signal 29 (SIGIO) received
2025/02/05 14:14:48 [notice] 1#1: signal 17 (SIGCHLD) received from 30
2025/02/05 14:14:52 [notice] 29#29: exiting
2025/02/05 14:14:52 [notice] 29#29: exit
2025/02/05 14:14:52 [notice] 1#1: signal 17 (SIGCHLD) received from 29
2025/02/05 14:14:52 [notice] 1#1: worker process 29 exited with code 0
2025/02/05 14:14:52 [notice] 1#1: exit
2025/02/05 14:15:30 [notice] 1#1: using the "epoll" event method
2025/02/05 14:15:30 [notice] 1#1: nginx/1.27.3
2025/02/05 14:15:30 [notice] 1#1: built by gcc 12.2.0 (Debian 12.2.0-14) 
2025/02/05 14:15:30 [notice] 1#1: OS: Linux 5.15.153.1-microsoft-standard-WSL2
2025/02/05 14:15:30 [notice] 1#1: getrlimit(RLIMIT_NOFILE): 1048576:1048576
2025/02/05 14:15:30 [notice] 1#1: start worker processes
2025/02/05 14:15:30 [notice] 1#1: start worker process 28
2025/02/05 14:15:30 [notice] 1#1: start worker process 29
2025/02/05 14:15:30 [notice] 1#1: start worker process 30
2025/02/05 14:15:30 [notice] 1#1: start worker process 31
2025/02/05 14:15:30 [notice] 1#1: start worker process 32
2025/02/05 14:15:30 [notice] 1#1: start worker process 33
2025/02/05 14:15:30 [notice] 1#1: start worker process 34
2025/02/05 14:15:30 [notice] 1#1: start worker process 35
2025/02/05 14:15:30 [notice] 1#1: start worker process 36
2025/02/05 14:15:30 [notice] 1#1: start worker process 37
2025/02/05 14:15:30 [notice] 1#1: start worker process 38
2025/02/05 14:15:30 [notice] 1#1: start worker process 39
2025/02/05 14:23:55 [notice] 1#1: signal 3 (SIGQUIT) received, shutting down
2025/02/05 14:23:55 [notice] 29#29: gracefully shutting down
2025/02/05 14:23:55 [notice] 38#38: gracefully shutting down
2025/02/05 14:23:55 [notice] 28#28: gracefully shutting down
2025/02/05 14:23:55 [notice] 30#30: gracefully shutting down
2025/02/05 14:23:55 [notice] 31#31: gracefully shutting down
2025/02/05 14:23:55 [notice] 32#32: gracefully shutting down
2025/02/05 14:23:55 [notice] 32#32: exiting
2025/02/05 14:23:55 [notice] 35#35: gracefully shutting down
2025/02/05 14:23:55 [notice] 34#34: gracefully shutting down
2025/02/05 14:23:55 [notice] 33#33: gracefully shutting down
2025/02/05 14:23:55 [notice] 36#36: gracefully shutting down
2025/02/05 14:23:55 [notice] 39#39: gracefully shutting down
2025/02/05 14:23:55 [notice] 37#37: gracefully shutting down
2025/02/05 14:23:55 [notice] 29#29: exiting
2025/02/05 14:23:55 [notice] 38#38: exiting
2025/02/05 14:23:55 [notice] 28#28: exiting
2025/02/05 14:23:55 [notice] 30#30: exiting
2025/02/05 14:23:55 [notice] 31#31: exiting
2025/02/05 14:23:55 [notice] 32#32: exit
2025/02/05 14:23:55 [notice] 35#35: exiting
2025/02/05 14:23:55 [notice] 34#34: exiting
2025/02/05 14:23:55 [notice] 33#33: exiting
2025/02/05 14:23:55 [notice] 36#36: exiting
2025/02/05 14:23:55 [notice] 39#39: exiting
2025/02/05 14:23:55 [notice] 37#37: exiting
2025/02/05 14:23:55 [notice] 29#29: exit
2025/02/05 14:23:55 [notice] 38#38: exit
2025/02/05 14:23:55 [notice] 28#28: exit
2025/02/05 14:23:55 [notice] 30#30: exit
2025/02/05 14:23:55 [notice] 31#31: exit
2025/02/05 14:23:55 [notice] 35#35: exit
2025/02/05 14:23:55 [notice] 34#34: exit
2025/02/05 14:23:55 [notice] 33#33: exit
2025/02/05 14:23:55 [notice] 36#36: exit
2025/02/05 14:23:55 [notice] 39#39: exit
2025/02/05 14:23:55 [notice] 37#37: exit
2025/02/05 14:23:55 [notice] 1#1: signal 17 (SIGCHLD) received from 31
2025/02/05 14:23:55 [notice] 1#1: worker process 28 exited with code 0
2025/02/05 14:23:55 [notice] 1#1: worker process 30 exited with code 0
2025/02/05 14:23:55 [notice] 1#1: worker process 31 exited with code 0
2025/02/05 14:23:55 [notice] 1#1: worker process 32 exited with code 0
2025/02/05 14:23:55 [notice] 1#1: worker process 33 exited with code 0
2025/02/05 14:23:55 [notice] 1#1: worker process 35 exited with code 0
2025/02/05 14:23:55 [notice] 1#1: signal 29 (SIGIO) received
2025/02/05 14:23:55 [notice] 1#1: signal 17 (SIGCHLD) received from 28
2025/02/05 14:23:55 [notice] 1#1: signal 17 (SIGCHLD) received from 36
2025/02/05 14:23:55 [notice] 1#1: worker process 36 exited with code 0
2025/02/05 14:23:55 [notice] 1#1: signal 29 (SIGIO) received
2025/02/05 14:23:55 [notice] 1#1: signal 17 (SIGCHLD) received from 29
2025/02/05 14:23:55 [notice] 1#1: worker process 29 exited with code 0
2025/02/05 14:23:55 [notice] 1#1: worker process 34 exited with code 0
2025/02/05 14:23:55 [notice] 1#1: worker process 37 exited with code 0
2025/02/05 14:23:55 [notice] 1#1: worker process 38 exited with code 0
2025/02/05 14:23:55 [notice] 1#1: worker process 39 exited with code 0
2025/02/05 14:23:55 [notice] 1#1: exit
2025/02/05 14:28:34 [notice] 1#1: using the "epoll" event method
2025/02/05 14:28:34 [notice] 1#1: nginx/1.27.3
2025/02/05 14:28:34 [notice] 1#1: built by gcc 12.2.0 (Debian 12.2.0-14) 
2025/02/05 14:28:34 [notice] 1#1: OS: Linux 5.15.153.1-microsoft-standard-WSL2
2025/02/05 14:28:34 [notice] 1#1: getrlimit(RLIMIT_NOFILE): 1048576:1048576
2025/02/05 14:28:34 [notice] 1#1: start worker processes
2025/02/05 14:28:34 [notice] 1#1: start worker process 27
2025/02/05 14:28:34 [notice] 1#1: start worker process 28
2025/02/05 14:28:34 [notice] 1#1: start worker process 29
2025/02/05 14:28:34 [notice] 1#1: start worker process 30
2025/02/05 14:28:34 [notice] 1#1: start worker process 31
2025/02/05 14:28:34 [notice] 1#1: start worker process 32
2025/02/05 14:28:34 [notice] 1#1: start worker process 33
2025/02/05 14:28:34 [notice] 1#1: start worker process 34
2025/02/05 14:28:34 [notice] 1#1: start worker process 35
2025/02/05 14:28:34 [notice] 1#1: start worker process 36
2025/02/05 14:28:34 [notice] 1#1: start worker process 37
2025/02/05 14:28:34 [notice] 1#1: start worker process 38
2025/02/05 14:30:17 [notice] 1#1: signal 3 (SIGQUIT) received, shutting down
2025/02/05 14:30:17 [notice] 27#27: gracefully shutting down
2025/02/05 14:30:17 [notice] 28#28: gracefully shutting down
2025/02/05 14:30:17 [notice] 31#31: gracefully shutting down
2025/02/05 14:30:17 [notice] 28#28: exiting
2025/02/05 14:30:17 [notice] 29#29: gracefully shutting down
2025/02/05 14:30:17 [notice] 30#30: gracefully shutting down
2025/02/05 14:30:17 [notice] 34#34: gracefully shutting down
2025/02/05 14:30:17 [notice] 36#36: gracefully shutting down
2025/02/05 14:30:17 [notice] 35#35: gracefully shutting down
2025/02/05 14:30:17 [notice] 37#37: gracefully shutting down
2025/02/05 14:30:17 [notice] 38#38: gracefully shutting down
2025/02/05 14:30:17 [notice] 27#27: exiting
2025/02/05 14:30:17 [notice] 31#31: exiting
2025/02/05 14:30:17 [notice] 33#33: gracefully shutting down
2025/02/05 14:30:17 [notice] 33#33: exiting
2025/02/05 14:30:17 [notice] 32#32: gracefully shutting down
2025/02/05 14:30:17 [notice] 29#29: exiting
2025/02/05 14:30:17 [notice] 28#28: exit
2025/02/05 14:30:17 [notice] 30#30: exiting
2025/02/05 14:30:17 [notice] 34#34: exiting
2025/02/05 14:30:17 [notice] 36#36: exiting
2025/02/05 14:30:17 [notice] 35#35: exiting
2025/02/05 14:30:17 [notice] 37#37: exiting
2025/02/05 14:30:17 [notice] 38#38: exiting
2025/02/05 14:30:17 [notice] 27#27: exit
2025/02/05 14:30:17 [notice] 31#31: exit
2025/02/05 14:30:17 [notice] 33#33: exit
2025/02/05 14:30:17 [notice] 32#32: exiting
2025/02/05 14:30:17 [notice] 29#29: exit
2025/02/05 14:30:17 [notice] 30#30: exit
2025/02/05 14:30:17 [notice] 34#34: exit
2025/02/05 14:30:17 [notice] 36#36: exit
2025/02/05 14:30:17 [notice] 35#35: exit
2025/02/05 14:30:17 [notice] 37#37: exit
2025/02/05 14:30:17 [notice] 38#38: exit
2025/02/05 14:30:17 [notice] 32#32: exit
2025/02/05 14:30:17 [notice] 1#1: signal 17 (SIGCHLD) received from 30
2025/02/05 14:30:17 [notice] 1#1: worker process 28 exited with code 0
2025/02/05 14:30:17 [notice] 1#1: worker process 29 exited with code 0
2025/02/05 14:30:17 [notice] 1#1: worker process 30 exited with code 0
2025/02/05 14:30:17 [notice] 1#1: worker process 31 exited with code 0
2025/02/05 14:30:17 [notice] 1#1: worker process 32 exited with code 0
2025/02/05 14:30:17 [notice] 1#1: worker process 34 exited with code 0
2025/02/05 14:30:17 [notice] 1#1: worker process 35 exited with code 0
2025/02/05 14:30:17 [notice] 1#1: worker process 36 exited with code 0
2025/02/05 14:30:17 [notice] 1#1: worker process 37 exited with code 0
2025/02/05 14:30:17 [notice] 1#1: worker process 38 exited with code 0
2025/02/05 14:30:17 [notice] 1#1: signal 29 (SIGIO) received
2025/02/05 14:30:17 [notice] 1#1: signal 17 (SIGCHLD) received from 31
2025/02/05 14:30:17 [notice] 1#1: signal 17 (SIGCHLD) received from 27
2025/02/05 14:30:17 [notice] 1#1: worker process 27 exited with code 0
2025/02/05 14:30:17 [notice] 1#1: worker process 33 exited with code 0
2025/02/05 14:30:17 [notice] 1#1: exit
2025/02/05 14:32:52 [notice] 1#1: using the "epoll" event method
2025/02/05 14:32:52 [notice] 1#1: nginx/1.27.3
2025/02/05 14:32:52 [notice] 1#1: built by gcc 12.2.0 (Debian 12.2.0-14) 
2025/02/05 14:32:52 [notice] 1#1: OS: Linux 5.15.153.1-microsoft-standard-WSL2
2025/02/05 14:32:52 [notice] 1#1: getrlimit(RLIMIT_NOFILE): 1048576:1048576
2025/02/05 14:32:52 [notice] 1#1: start worker processes
2025/02/05 14:32:52 [notice] 1#1: start worker process 28
2025/02/05 14:32:52 [notice] 1#1: start worker process 29
2025/02/05 14:32:52 [notice] 1#1: start worker process 30
2025/02/05 14:32:52 [notice] 1#1: start worker process 31
2025/02/05 14:32:52 [notice] 1#1: start worker process 32
2025/02/05 14:32:52 [notice] 1#1: start worker process 33
2025/02/05 14:32:52 [notice] 1#1: start worker process 34
2025/02/05 14:32:52 [notice] 1#1: start worker process 35
2025/02/05 14:32:52 [notice] 1#1: start worker process 36
2025/02/05 14:32:52 [notice] 1#1: start worker process 37
2025/02/05 14:32:52 [notice] 1#1: start worker process 38
2025/02/05 14:32:52 [notice] 1#1: start worker process 39
2025/02/05 14:36:16 [notice] 1#1: signal 3 (SIGQUIT) received, shutting down
2025/02/05 14:36:16 [notice] 31#31: gracefully shutting down
2025/02/05 14:36:16 [notice] 33#33: gracefully shutting down
2025/02/05 14:36:16 [notice] 30#30: gracefully shutting down
2025/02/05 14:36:16 [notice] 34#34: gracefully shutting down
2025/02/05 14:36:16 [notice] 28#28: gracefully shutting down
2025/02/05 14:36:16 [notice] 34#34: exiting
2025/02/05 14:36:16 [notice] 36#36: gracefully shutting down
2025/02/05 14:36:16 [notice] 32#32: gracefully shutting down
2025/02/05 14:36:16 [notice] 37#37: gracefully shutting down
2025/02/05 14:36:16 [notice] 39#39: gracefully shutting down
2025/02/05 14:36:16 [notice] 35#35: gracefully shutting down
2025/02/05 14:36:16 [notice] 38#38: gracefully shutting down
2025/02/05 14:36:16 [notice] 29#29: gracefully shutting down
2025/02/05 14:36:16 [notice] 31#31: exiting
2025/02/05 14:36:16 [notice] 33#33: exiting
2025/02/05 14:36:16 [notice] 29#29: exiting
2025/02/05 14:36:16 [notice] 30#30: exiting
2025/02/05 14:36:16 [notice] 34#34: exit
2025/02/05 14:36:16 [notice] 28#28: exiting
2025/02/05 14:36:16 [notice] 36#36: exiting
2025/02/05 14:36:16 [notice] 32#32: exiting
2025/02/05 14:36:16 [notice] 37#37: exiting
2025/02/05 14:36:16 [notice] 35#35: exiting
2025/02/05 14:36:16 [notice] 39#39: exiting
2025/02/05 14:36:16 [notice] 31#31: exit
2025/02/05 14:36:16 [notice] 38#38: exiting
2025/02/05 14:36:16 [notice] 33#33: exit
2025/02/05 14:36:16 [notice] 29#29: exit
2025/02/05 14:36:16 [notice] 38#38: exit
2025/02/05 14:36:16 [notice] 30#30: exit
2025/02/05 14:36:16 [notice] 28#28: exit
2025/02/05 14:36:16 [notice] 36#36: exit
2025/02/05 14:36:16 [notice] 32#32: exit
2025/02/05 14:36:16 [notice] 37#37: exit
2025/02/05 14:36:16 [notice] 35#35: exit
2025/02/05 14:36:16 [notice] 39#39: exit
2025/02/05 14:36:16 [notice] 1#1: signal 17 (SIGCHLD) received from 34
2025/02/05 14:36:16 [notice] 1#1: worker process 34 exited with code 0
2025/02/05 14:36:16 [notice] 1#1: signal 29 (SIGIO) received
2025/02/05 14:36:16 [notice] 1#1: signal 17 (SIGCHLD) received from 31
2025/02/05 14:36:16 [notice] 1#1: worker process 31 exited with code 0
2025/02/05 14:36:16 [notice] 1#1: worker process 29 exited with code 0
2025/02/05 14:36:16 [notice] 1#1: signal 29 (SIGIO) received
2025/02/05 14:36:16 [notice] 1#1: signal 17 (SIGCHLD) received from 29
2025/02/05 14:36:16 [notice] 1#1: signal 17 (SIGCHLD) received from 30
2025/02/05 14:36:16 [notice] 1#1: worker process 30 exited with code 0
2025/02/05 14:36:16 [notice] 1#1: worker process 33 exited with code 0
2025/02/05 14:36:16 [notice] 1#1: worker process 38 exited with code 0
2025/02/05 14:36:16 [notice] 1#1: signal 29 (SIGIO) received
2025/02/05 14:36:16 [notice] 1#1: signal 17 (SIGCHLD) received from 33
2025/02/05 14:36:17 [notice] 1#1: signal 17 (SIGCHLD) received from 39
2025/02/05 14:36:17 [notice] 1#1: worker process 28 exited with code 0
2025/02/05 14:36:17 [notice] 1#1: worker process 36 exited with code 0
2025/02/05 14:36:17 [notice] 1#1: worker process 37 exited with code 0
2025/02/05 14:36:17 [notice] 1#1: worker process 39 exited with code 0
2025/02/05 14:36:17 [notice] 1#1: signal 29 (SIGIO) received
2025/02/05 14:36:17 [notice] 1#1: signal 17 (SIGCHLD) received from 37
2025/02/05 14:36:17 [notice] 1#1: signal 17 (SIGCHLD) received from 35
2025/02/05 14:36:17 [notice] 1#1: worker process 32 exited with code 0
2025/02/05 14:36:17 [notice] 1#1: worker process 35 exited with code 0
2025/02/05 14:36:17 [notice] 1#1: exit
